<?xml version="1.0" encoding="UTF-8"?>
<!-- Generated by org.testng.reporters.JUnitXMLReporter -->
<testsuite hostname="Minas-MacBook-Pro.local" name="case1" tests="4" failures="0" timestamp="17 Jan 2019 17:18:03 GMT" time="0.018" errors="0">
  <testcase name="runTest1" time="0.003" classname="unittesting.testng.beforeafter.TestNGConfiguration"/>
  <testcase name="runTest2" time="0.001" classname="unittesting.testng.beforeafter.TestNGConfiguration"/>
  <testcase name="runOtherTest1" time="0.001" classname="unittesting.testng.beforeafter.TestDBConnection"/>
  <testcase name="runOtherTest2" time="0.001" classname="unittesting.testng.beforeafter.TestDBConnection"/>
</testsuite> <!-- case1 -->
