<?xml version="1.0" encoding="UTF-8"?>
<!-- Generated by org.testng.reporters.JUnitXMLReporter -->
<testsuite hostname="tester-VirtualBox" name="zadatak1" tests="10" failures="0" timestamp="19 Jan 2018 12:59:27 GMT" time="1.626" errors="0">
  <testcase name="testGradeWithoutMock" time="0.018" classname="unittesting.ssluzba.TestGradeWithoutMock"/>
  <testcase name="testGradeWithoutMock" time="0.009" classname="unittesting.ssluzba.TestGradeWithoutMock"/>
  <testcase name="testGradeWithoutMock" time="0.005" classname="unittesting.ssluzba.TestGradeWithoutMock"/>
  <testcase name="testGradeWithoutMock" time="0.001" classname="unittesting.ssluzba.TestGradeWithoutMock"/>
  <testcase name="testGradeWithoutMock" time="0.001" classname="unittesting.ssluzba.TestGradeWithoutMock"/>
  <testcase name="testGradeMock" time="0.021" classname="unittesting.ssluzba.TestGradeMock"/>
  <testcase name="testGradeMock" time="0.011" classname="unittesting.ssluzba.TestGradeMock"/>
  <testcase name="testGradeMock" time="0.007" classname="unittesting.ssluzba.TestGradeMock"/>
  <testcase name="testGradeMock" time="0.01" classname="unittesting.ssluzba.TestGradeMock"/>
  <testcase name="testGradeMock" time="0.003" classname="unittesting.ssluzba.TestGradeMock"/>
</testsuite> <!-- zadatak1 -->
