<?xml version="1.0" encoding="UTF-8"?>
<!-- Generated by org.testng.reporters.JUnitXMLReporter -->
<testsuite hostname="Minas-MacBook-Pro.local" name="zadatak1" tests="4" failures="0" timestamp="17 Jan 2019 17:10:44 GMT" time="0.025" errors="0">
  <testcase name="testCustomerCreditCardNumber" time="0.004" classname="unittesting.customer.Zadatak1"/>
  <testcase name="testCustomerCreditCardNumber" time="0.001" classname="unittesting.customer.Zadatak1"/>
  <testcase name="testCustomerCreditCardNumber" time="0.0" classname="unittesting.customer.Zadatak1"/>
  <testcase name="testCustomerCreditCardNumberWithException" time="0.001" classname="unittesting.customer.Zadatak1"/>
</testsuite> <!-- zadatak1 -->
