<?xml version="1.0" encoding="UTF-8"?>
<!-- Generated by org.testng.reporters.JUnitXMLReporter -->
<testsuite hostname="Minas-MacBook-Pro.local" name="test1" tests="4" failures="0" timestamp="27 Sep 2018 17:25:05 GMT" time="0.261" errors="0">
  <testcase name="testAddBook" time="0.004" classname="unittesting.book.BookDAOTest"/>
  <testcase name="testGetAllBooks" time="0.001" classname="unittesting.book.BookDAOTest"/>
  <testcase name="testGetBook" time="0.001" classname="unittesting.book.BookDAOTest"/>
  <testcase name="testUpdateBook" time="0.001" classname="unittesting.book.BookDAOTest"/>
</testsuite> <!-- test1 -->
